========================================
0:00:00.665 - Start Program
========================================

file opened a
FILE:  /home/jay/workspace-sensors2/FirstDashboard/log/testlog.log
##############################
before main
__name__=
__main__
Testing new subscribe
       event    sensor  ...            event_ts          capture_ts
0          1  esp32-01  ... 2020-07-04 17:13:22 2020-07-04 17:13:52
1          2  esp32-01  ... 2020-07-04 17:13:22 2020-07-04 17:14:22
2          3  esp32-01  ... 2020-07-04 17:13:22 2020-07-04 17:14:52
3          4  esp32-01  ... 2020-07-04 17:13:22 2020-07-04 17:15:22
4          5  esp32-01  ... 2020-07-04 17:13:22 2020-07-04 17:15:52
...      ...       ...  ...                 ...                 ...
81535  81660  3c71bf62  ... 2020-07-07 01:46:37 2020-07-06 21:46:37
81536  81661  3c71bf62  ... 2020-07-07 01:46:37 2020-07-06 21:46:37
81537  81662  63380466  ... 2020-07-07 01:46:35 2020-07-06 21:46:41
81538  81663  63380466  ... 2020-07-07 01:46:35 2020-07-06 21:46:41
81539  81664  63380466  ... 2020-07-07 01:46:35 2020-07-06 21:46:41

[81540 rows x 7 columns]
run..................
Sending CONNECT (u0, p0, wr0, wq0, wf0, c1, k60) client_id=b''
Sending SUBSCRIBE (d0, m1) [(b'sensors/#', 0)]
Received CONNACK (0, 0)
rc: 0
Received SUBACK
Subscribed: 1 (0,)
Received PUBLISH (d0, q0, r1, m0), 'sensors/', ...  (8 bytes)
Received PUBLISH (d0, q0, r0, m0), 'sensors/', ...  (178 bytes)
Data###################
sensors/ 0 b'{"ts": "(2020, 7, 7, 1, 2, 10, 9, 956449)", "humidity": "36.47", "uid": "3c71bf62", "temp": "23.56", "ts2": "2020/07/07 02:10:09.956449", "pressure": "1006.74", "device:": "118"}'
jDevice: 118
UID        :
3c71bf62
humidity   :
36.47
temperature:
23.56
pressure   :
1006.74
tzinfo     :
None
ts2        :
2020-07-07 02:10:09.956449
utc2Local  :
2020-07-06 22:10:09.956449-04:00
val= ('3c71bf62', '118', 'Pressure', '1006.74', '2020/07/07 02:10:09.956449', '20-07-06 22:10:10.201999')
good
PL3:::::::::::::::::::::::::::::::::::::::::
                                 ts2 humidity temperature pressure device
3c71bf62 2020-07-07 02:10:09.956449    36.47       23.56  1006.74    118
data cached:::::::::::::::::::::::::::::::::
                                 ts2 humidity temperature pressure device
3c71bf62 2020-07-07 02:10:09.956449    36.47       23.56  1006.74    118
len pl3 : 1
len data: 1
Data*******************
Received PUBLISH (d0, q0, r0, m0), 'sensors/', ...  (170 bytes)
Data###################
sensors/ 0 b'{"uid": "63380466", "device:": "119", "ts": "2020-07-07 02:10:05.007180", "ts2": "2020/07/07 02:10:05.007180", "temp": "24.05", "pressure": "1008.40", "humidity": "0.00"}'
jDevice: 119
UID        :
63380466
humidity   :
0.00
temperature:
24.05
pressure   :
1008.40
tzinfo     :
None
ts2        :
2020-07-07 02:10:05.007180
utc2Local  :
2020-07-06 22:10:05.007180-04:00
val= ('63380466', '119', 'Pressure', '1008.40', '2020/07/07 02:10:05.007180', '20-07-06 22:10:10.804085')
good
PL3:::::::::::::::::::::::::::::::::::::::::
                                 ts2 humidity temperature pressure device
63380466 2020-07-07 02:10:05.007180     0.00       24.05  1008.40    119
data cached:::::::::::::::::::::::::::::::::
                                 ts2 humidity temperature pressure device
3c71bf62 2020-07-07 02:10:09.956449    36.47       23.56  1006.74    118
63380466 2020-07-07 02:10:05.007180     0.00       24.05  1008.40    119
len pl3 : 1
len data: 2
Data*******************
Received PUBLISH (d0, q0, r0, m0), 'sensors/', ...  (170 bytes)
Data###################
sensors/ 0 b'{"uid": "63380466", "device:": "119", "ts": "2020-07-07 02:10:11.006996", "ts2": "2020/07/07 02:10:11.006996", "temp": "24.06", "pressure": "1008.34", "humidity": "0.00"}'
jDevice: 119
UID        :
63380466
humidity   :
0.00
temperature:
24.06
pressure   :
1008.34
tzinfo     :
None
ts2        :
2020-07-07 02:10:11.006996
utc2Local  :
2020-07-06 22:10:11.006996-04:00
val= ('63380466', '119', 'Pressure', '1008.34', '2020/07/07 02:10:11.006996', '20-07-06 22:10:16.804287')
good
PL3:::::::::::::::::::::::::::::::::::::::::
                                 ts2 humidity temperature pressure device
63380466 2020-07-07 02:10:11.006996     0.00       24.06  1008.34    119
data cached:::::::::::::::::::::::::::::::::
                                 ts2 humidity temperature pressure device
3c71bf62 2020-07-07 02:10:09.956449    36.47       23.56  1006.74    118
63380466 2020-07-07 02:10:05.007180     0.00       24.05  1008.40    119
63380466 2020-07-07 02:10:11.006996     0.00       24.06  1008.34    119
len pl3 : 1
len data: 3
Data*******************
Received PUBLISH (d0, q0, r0, m0), 'sensors/', ...  (179 bytes)
Data###################
sensors/ 0 b'{"ts": "(2020, 7, 7, 1, 2, 10, 21, 949395)", "humidity": "35.73", "uid": "3c71bf62", "temp": "23.55", "ts2": "2020/07/07 02:10:21.949395", "pressure": "1006.79", "device:": "118"}'
jDevice: 118
UID        :
3c71bf62
humidity   :
35.73
temperature:
23.55
pressure   :
1006.79
tzinfo     :
None
ts2        :
2020-07-07 02:10:21.949395
utc2Local  :
2020-07-06 22:10:21.949395-04:00
val= ('3c71bf62', '118', 'Pressure', '1006.79', '2020/07/07 02:10:21.949395', '20-07-06 22:10:22.227802')
good
PL3:::::::::::::::::::::::::::::::::::::::::
                                 ts2 humidity temperature pressure device
3c71bf62 2020-07-07 02:10:21.949395    35.73       23.55  1006.79    118
data cached:::::::::::::::::::::::::::::::::
                                 ts2 humidity temperature pressure device
3c71bf62 2020-07-07 02:10:09.956449    36.47       23.56  1006.74    118
63380466 2020-07-07 02:10:05.007180     0.00       24.05  1008.40    119
63380466 2020-07-07 02:10:11.006996     0.00       24.06  1008.34    119
3c71bf62 2020-07-07 02:10:21.949395    35.73       23.55  1006.79    118
len pl3 : 1
len data: 4
Data*******************
Received PUBLISH (d0, q0, r0, m0), 'sensors/', ...  (170 bytes)
Data###################
sensors/ 0 b'{"uid": "63380466", "device:": "119", "ts": "2020-07-07 02:10:17.007041", "ts2": "2020/07/07 02:10:17.007041", "temp": "24.05", "pressure": "1008.43", "humidity": "0.00"}'
jDevice: 119
UID        :
63380466
humidity   :
0.00
temperature:
24.05
pressure   :
1008.43
tzinfo     :
None
ts2        :
2020-07-07 02:10:17.007041
utc2Local  :
2020-07-06 22:10:17.007041-04:00
val= ('63380466', '119', 'Pressure', '1008.43', '2020/07/07 02:10:17.007041', '20-07-06 22:10:22.804159')
good
PL3:::::::::::::::::::::::::::::::::::::::::
                                 ts2 humidity temperature pressure device
63380466 2020-07-07 02:10:17.007041     0.00       24.05  1008.43    119
data cached:::::::::::::::::::::::::::::::::
                                 ts2 humidity temperature pressure device
3c71bf62 2020-07-07 02:10:09.956449    36.47       23.56  1006.74    118
63380466 2020-07-07 02:10:05.007180     0.00       24.05  1008.40    119
63380466 2020-07-07 02:10:11.006996     0.00       24.06  1008.34    119
3c71bf62 2020-07-07 02:10:21.949395    35.73       23.55  1006.79    118
63380466 2020-07-07 02:10:17.007041     0.00       24.05  1008.43    119
len pl3 : 1
len data: 5
Data*******************
Received PUBLISH (d0, q0, r0, m0), 'sensors/', ...  (170 bytes)
Data###################
sensors/ 0 b'{"uid": "63380466", "device:": "119", "ts": "2020-07-07 02:10:23.007040", "ts2": "2020/07/07 02:10:23.007040", "temp": "24.06", "pressure": "1008.35", "humidity": "0.00"}'
jDevice: 119
UID        :
63380466
humidity   :
0.00
temperature:
24.06
pressure   :
1008.35
tzinfo     :
None
ts2        :
2020-07-07 02:10:23.007040
utc2Local  :
2020-07-06 22:10:23.007040-04:00
val= ('63380466', '119', 'Pressure', '1008.35', '2020/07/07 02:10:23.007040', '20-07-06 22:10:28.804234')
good
PL3:::::::::::::::::::::::::::::::::::::::::
                                 ts2 humidity temperature pressure device
63380466 2020-07-07 02:10:23.007040     0.00       24.06  1008.35    119
data cached:::::::::::::::::::::::::::::::::
                                 ts2 humidity temperature pressure device
3c71bf62 2020-07-07 02:10:09.956449    36.47       23.56  1006.74    118
63380466 2020-07-07 02:10:05.007180     0.00       24.05  1008.40    119
63380466 2020-07-07 02:10:11.006996     0.00       24.06  1008.34    119
3c71bf62 2020-07-07 02:10:21.949395    35.73       23.55  1006.79    118
63380466 2020-07-07 02:10:17.007041     0.00       24.05  1008.43    119
63380466 2020-07-07 02:10:23.007040     0.00       24.06  1008.35    119
len pl3 : 1
len data: 6
Data*******************
Received PUBLISH (d0, q0, r0, m0), 'sensors/', ...  (179 bytes)
Data###################
sensors/ 0 b'{"ts": "(2020, 7, 7, 1, 2, 10, 33, 947917)", "humidity": "35.95", "uid": "3c71bf62", "temp": "23.56", "ts2": "2020/07/07 02:10:33.947917", "pressure": "1006.74", "device:": "118"}'
jDevice: 118
UID        :
3c71bf62
humidity   :
35.95
temperature:
23.56
pressure   :
1006.74
tzinfo     :
None
ts2        :
2020-07-07 02:10:33.947917
utc2Local  :
2020-07-06 22:10:33.947917-04:00
val= ('3c71bf62', '118', 'Pressure', '1006.74', '2020/07/07 02:10:33.947917', '20-07-06 22:10:34.255869')
good
PL3:::::::::::::::::::::::::::::::::::::::::
                                 ts2 humidity temperature pressure device
3c71bf62 2020-07-07 02:10:33.947917    35.95       23.56  1006.74    118
data cached:::::::::::::::::::::::::::::::::
                                 ts2 humidity temperature pressure device
3c71bf62 2020-07-07 02:10:09.956449    36.47       23.56  1006.74    118
63380466 2020-07-07 02:10:05.007180     0.00       24.05  1008.40    119
63380466 2020-07-07 02:10:11.006996     0.00       24.06  1008.34    119
3c71bf62 2020-07-07 02:10:21.949395    35.73       23.55  1006.79    118
63380466 2020-07-07 02:10:17.007041     0.00       24.05  1008.43    119
63380466 2020-07-07 02:10:23.007040     0.00       24.06  1008.35    119
3c71bf62 2020-07-07 02:10:33.947917    35.95       23.56  1006.74    118
len pl3 : 1
len data: 7
Data*******************
Received PUBLISH (d0, q0, r0, m0), 'sensors/', ...  (170 bytes)
Data###################
sensors/ 0 b'{"uid": "63380466", "device:": "119", "ts": "2020-07-07 02:10:29.007182", "ts2": "2020/07/07 02:10:29.007182", "temp": "24.05", "pressure": "1008.31", "humidity": "0.00"}'
jDevice: 119
UID        :
63380466
humidity   :
0.00
temperature:
24.05
pressure   :
1008.31
tzinfo     :
None
ts2        :
2020-07-07 02:10:29.007182
utc2Local  :
2020-07-06 22:10:29.007182-04:00
val= ('63380466', '119', 'Pressure', '1008.31', '2020/07/07 02:10:29.007182', '20-07-06 22:10:34.804235')
good
PL3:::::::::::::::::::::::::::::::::::::::::
                                 ts2 humidity temperature pressure device
63380466 2020-07-07 02:10:29.007182     0.00       24.05  1008.31    119
data cached:::::::::::::::::::::::::::::::::
                                 ts2 humidity temperature pressure device
3c71bf62 2020-07-07 02:10:09.956449    36.47       23.56  1006.74    118
63380466 2020-07-07 02:10:05.007180     0.00       24.05  1008.40    119
63380466 2020-07-07 02:10:11.006996     0.00       24.06  1008.34    119
3c71bf62 2020-07-07 02:10:21.949395    35.73       23.55  1006.79    118
63380466 2020-07-07 02:10:17.007041     0.00       24.05  1008.43    119
63380466 2020-07-07 02:10:23.007040     0.00       24.06  1008.35    119
3c71bf62 2020-07-07 02:10:33.947917    35.95       23.56  1006.74    118
63380466 2020-07-07 02:10:29.007182     0.00       24.05  1008.31    119
len pl3 : 1
len data: 8
Data*******************
Received PUBLISH (d0, q0, r0, m0), 'sensors/', ...  (170 bytes)
Data###################
sensors/ 0 b'{"uid": "63380466", "device:": "119", "ts": "2020-07-07 02:10:35.007218", "ts2": "2020/07/07 02:10:35.007218", "temp": "24.06", "pressure": "1008.35", "humidity": "0.00"}'
jDevice: 119
UID        :
63380466
humidity   :
0.00
temperature:
24.06
pressure   :
1008.35
tzinfo     :
None
ts2        :
2020-07-07 02:10:35.007218
utc2Local  :
2020-07-06 22:10:35.007218-04:00
val= ('63380466', '119', 'Pressure', '1008.35', '2020/07/07 02:10:35.007218', '20-07-06 22:10:40.804229')
good
PL3:::::::::::::::::::::::::::::::::::::::::
                                 ts2 humidity temperature pressure device
63380466 2020-07-07 02:10:35.007218     0.00       24.06  1008.35    119
data cached:::::::::::::::::::::::::::::::::
                                 ts2 humidity temperature pressure device
3c71bf62 2020-07-07 02:10:09.956449    36.47       23.56  1006.74    118
63380466 2020-07-07 02:10:05.007180     0.00       24.05  1008.40    119
63380466 2020-07-07 02:10:11.006996     0.00       24.06  1008.34    119
3c71bf62 2020-07-07 02:10:21.949395    35.73       23.55  1006.79    118
63380466 2020-07-07 02:10:17.007041     0.00       24.05  1008.43    119
63380466 2020-07-07 02:10:23.007040     0.00       24.06  1008.35    119
3c71bf62 2020-07-07 02:10:33.947917    35.95       23.56  1006.74    118
63380466 2020-07-07 02:10:29.007182     0.00       24.05  1008.31    119
63380466 2020-07-07 02:10:35.007218     0.00       24.06  1008.35    119
len pl3 : 1
len data: 9
Data*******************
Received PUBLISH (d0, q0, r0, m0), 'sensors/', ...  (179 bytes)
Data###################
sensors/ 0 b'{"ts": "(2020, 7, 7, 1, 2, 10, 45, 945653)", "humidity": "35.91", "uid": "3c71bf62", "temp": "23.57", "ts2": "2020/07/07 02:10:45.945653", "pressure": "1006.67", "device:": "118"}'
jDevice: 118
UID        :
3c71bf62
humidity   :
35.91
temperature:
23.57
pressure   :
1006.67
tzinfo     :
None
ts2        :
2020-07-07 02:10:45.945653
utc2Local  :
2020-07-06 22:10:45.945653-04:00
val= ('3c71bf62', '118', 'Pressure', '1006.67', '2020/07/07 02:10:45.945653', '20-07-06 22:10:46.294827')
good
PL3:::::::::::::::::::::::::::::::::::::::::
                                 ts2 humidity temperature pressure device
3c71bf62 2020-07-07 02:10:45.945653    35.91       23.57  1006.67    118
data cached:::::::::::::::::::::::::::::::::
                                 ts2 humidity temperature pressure device
3c71bf62 2020-07-07 02:10:09.956449    36.47       23.56  1006.74    118
63380466 2020-07-07 02:10:05.007180     0.00       24.05  1008.40    119
63380466 2020-07-07 02:10:11.006996     0.00       24.06  1008.34    119
3c71bf62 2020-07-07 02:10:21.949395    35.73       23.55  1006.79    118
63380466 2020-07-07 02:10:17.007041     0.00       24.05  1008.43    119
63380466 2020-07-07 02:10:23.007040     0.00       24.06  1008.35    119
3c71bf62 2020-07-07 02:10:33.947917    35.95       23.56  1006.74    118
63380466 2020-07-07 02:10:29.007182     0.00       24.05  1008.31    119
63380466 2020-07-07 02:10:35.007218     0.00       24.06  1008.35    119
3c71bf62 2020-07-07 02:10:45.945653    35.91       23.57  1006.67    118
len pl3 : 1
len data: 10
Data*******************
Received PUBLISH (d0, q0, r0, m0), 'sensors/', ...  (170 bytes)
Data###################
sensors/ 0 b'{"uid": "63380466", "device:": "119", "ts": "2020-07-07 02:10:41.007056", "ts2": "2020/07/07 02:10:41.007056", "temp": "24.06", "pressure": "1008.35", "humidity": "0.00"}'
jDevice: 119
UID        :
63380466
humidity   :
0.00
temperature:
24.06
pressure   :
1008.35
tzinfo     :
None
ts2        :
2020-07-07 02:10:41.007056
utc2Local  :
2020-07-06 22:10:41.007056-04:00
val= ('63380466', '119', 'Pressure', '1008.35', '2020/07/07 02:10:41.007056', '20-07-06 22:10:46.804297')
good
PL3:::::::::::::::::::::::::::::::::::::::::
                                 ts2 humidity temperature pressure device
63380466 2020-07-07 02:10:41.007056     0.00       24.06  1008.35    119
data cached:::::::::::::::::::::::::::::::::
                                 ts2 humidity temperature pressure device
3c71bf62 2020-07-07 02:10:09.956449    36.47       23.56  1006.74    118
63380466 2020-07-07 02:10:05.007180     0.00       24.05  1008.40    119
63380466 2020-07-07 02:10:11.006996     0.00       24.06  1008.34    119
3c71bf62 2020-07-07 02:10:21.949395    35.73       23.55  1006.79    118
63380466 2020-07-07 02:10:17.007041     0.00       24.05  1008.43    119
63380466 2020-07-07 02:10:23.007040     0.00       24.06  1008.35    119
3c71bf62 2020-07-07 02:10:33.947917    35.95       23.56  1006.74    118
63380466 2020-07-07 02:10:29.007182     0.00       24.05  1008.31    119
63380466 2020-07-07 02:10:35.007218     0.00       24.06  1008.35    119
3c71bf62 2020-07-07 02:10:45.945653    35.91       23.57  1006.67    118
63380466 2020-07-07 02:10:41.007056     0.00       24.06  1008.35    119
len pl3 : 1
len data: 11
Data*******************
Received PUBLISH (d0, q0, r0, m0), 'sensors/', ...  (170 bytes)
Data###################
sensors/ 0 b'{"uid": "63380466", "device:": "119", "ts": "2020-07-07 02:10:47.007155", "ts2": "2020/07/07 02:10:47.007155", "temp": "24.06", "pressure": "1008.43", "humidity": "0.00"}'
jDevice: 119
UID        :
63380466
humidity   :
0.00
temperature:
24.06
pressure   :
1008.43
tzinfo     :
None
ts2        :
2020-07-07 02:10:47.007155
utc2Local  :
2020-07-06 22:10:47.007155-04:00
val= ('63380466', '119', 'Pressure', '1008.43', '2020/07/07 02:10:47.007155', '20-07-06 22:10:52.804452')
good
PL3:::::::::::::::::::::::::::::::::::::::::
                                 ts2 humidity temperature pressure device
63380466 2020-07-07 02:10:47.007155     0.00       24.06  1008.43    119
data cached:::::::::::::::::::::::::::::::::
                                 ts2 humidity temperature pressure device
3c71bf62 2020-07-07 02:10:09.956449    36.47       23.56  1006.74    118
63380466 2020-07-07 02:10:05.007180     0.00       24.05  1008.40    119
63380466 2020-07-07 02:10:11.006996     0.00       24.06  1008.34    119
3c71bf62 2020-07-07 02:10:21.949395    35.73       23.55  1006.79    118
63380466 2020-07-07 02:10:17.007041     0.00       24.05  1008.43    119
63380466 2020-07-07 02:10:23.007040     0.00       24.06  1008.35    119
3c71bf62 2020-07-07 02:10:33.947917    35.95       23.56  1006.74    118
63380466 2020-07-07 02:10:29.007182     0.00       24.05  1008.31    119
63380466 2020-07-07 02:10:35.007218     0.00       24.06  1008.35    119
3c71bf62 2020-07-07 02:10:45.945653    35.91       23.57  1006.67    118
63380466 2020-07-07 02:10:41.007056     0.00       24.06  1008.35    119
63380466 2020-07-07 02:10:47.007155     0.00       24.06  1008.43    119
len pl3 : 1
len data: 12
Data*******************
Received PUBLISH (d0, q0, r0, m0), 'sensors/', ...  (179 bytes)
Data###################
sensors/ 0 b'{"ts": "(2020, 7, 7, 1, 2, 10, 57, 948082)", "humidity": "35.93", "uid": "3c71bf62", "temp": "23.57", "ts2": "2020/07/07 02:10:57.948082", "pressure": "1006.72", "device:": "118"}'
jDevice: 118
UID        :
3c71bf62
humidity   :
35.93
temperature:
23.57
pressure   :
1006.72
tzinfo     :
None
ts2        :
2020-07-07 02:10:57.948082
utc2Local  :
2020-07-06 22:10:57.948082-04:00
val= ('3c71bf62', '118', 'Pressure', '1006.72', '2020/07/07 02:10:57.948082', '20-07-06 22:10:58.331047')
good
PL3:::::::::::::::::::::::::::::::::::::::::
                                 ts2 humidity temperature pressure device
3c71bf62 2020-07-07 02:10:57.948082    35.93       23.57  1006.72    118
data cached:::::::::::::::::::::::::::::::::
                                 ts2 humidity temperature pressure device
3c71bf62 2020-07-07 02:10:09.956449    36.47       23.56  1006.74    118
63380466 2020-07-07 02:10:05.007180     0.00       24.05  1008.40    119
63380466 2020-07-07 02:10:11.006996     0.00       24.06  1008.34    119
3c71bf62 2020-07-07 02:10:21.949395    35.73       23.55  1006.79    118
63380466 2020-07-07 02:10:17.007041     0.00       24.05  1008.43    119
63380466 2020-07-07 02:10:23.007040     0.00       24.06  1008.35    119
3c71bf62 2020-07-07 02:10:33.947917    35.95       23.56  1006.74    118
63380466 2020-07-07 02:10:29.007182     0.00       24.05  1008.31    119
63380466 2020-07-07 02:10:35.007218     0.00       24.06  1008.35    119
3c71bf62 2020-07-07 02:10:45.945653    35.91       23.57  1006.67    118
63380466 2020-07-07 02:10:41.007056     0.00       24.06  1008.35    119
63380466 2020-07-07 02:10:47.007155     0.00       24.06  1008.43    119
3c71bf62 2020-07-07 02:10:57.948082    35.93       23.57  1006.72    118
len pl3 : 1
len data: 13
Data*******************
Received PUBLISH (d0, q0, r0, m0), 'sensors/', ...  (170 bytes)
Data###################
sensors/ 0 b'{"uid": "63380466", "device:": "119", "ts": "2020-07-07 02:10:53.007232", "ts2": "2020/07/07 02:10:53.007232", "temp": "24.06", "pressure": "1008.37", "humidity": "0.00"}'
jDevice: 119
UID        :
63380466
humidity   :
0.00
temperature:
24.06
pressure   :
1008.37
tzinfo     :
None
ts2        :
2020-07-07 02:10:53.007232
utc2Local  :
2020-07-06 22:10:53.007232-04:00
val= ('63380466', '119', 'Pressure', '1008.37', '2020/07/07 02:10:53.007232', '20-07-06 22:10:58.804290')
good
PL3:::::::::::::::::::::::::::::::::::::::::
                                 ts2 humidity temperature pressure device
63380466 2020-07-07 02:10:53.007232     0.00       24.06  1008.37    119
data cached:::::::::::::::::::::::::::::::::
                                 ts2 humidity temperature pressure device
3c71bf62 2020-07-07 02:10:09.956449    36.47       23.56  1006.74    118
63380466 2020-07-07 02:10:05.007180     0.00       24.05  1008.40    119
63380466 2020-07-07 02:10:11.006996     0.00       24.06  1008.34    119
3c71bf62 2020-07-07 02:10:21.949395    35.73       23.55  1006.79    118
63380466 2020-07-07 02:10:17.007041     0.00       24.05  1008.43    119
63380466 2020-07-07 02:10:23.007040     0.00       24.06  1008.35    119
3c71bf62 2020-07-07 02:10:33.947917    35.95       23.56  1006.74    118
63380466 2020-07-07 02:10:29.007182     0.00       24.05  1008.31    119
63380466 2020-07-07 02:10:35.007218     0.00       24.06  1008.35    119
3c71bf62 2020-07-07 02:10:45.945653    35.91       23.57  1006.67    118
63380466 2020-07-07 02:10:41.007056     0.00       24.06  1008.35    119
63380466 2020-07-07 02:10:47.007155     0.00       24.06  1008.43    119
3c71bf62 2020-07-07 02:10:57.948082    35.93       23.57  1006.72    118
63380466 2020-07-07 02:10:53.007232     0.00       24.06  1008.37    119
len pl3 : 1
len data: 14
Data*******************
Received PUBLISH (d0, q0, r0, m0), 'sensors/', ...  (170 bytes)
Data###################
sensors/ 0 b'{"uid": "63380466", "device:": "119", "ts": "2020-07-07 02:10:59.007191", "ts2": "2020/07/07 02:10:59.007191", "temp": "24.07", "pressure": "1008.28", "humidity": "0.00"}'
jDevice: 119
UID        :
63380466
humidity   :
0.00
temperature:
24.07
pressure   :
1008.28
tzinfo     :
None
ts2        :
2020-07-07 02:10:59.007191
utc2Local  :
2020-07-06 22:10:59.007191-04:00
val= ('63380466', '119', 'Pressure', '1008.28', '2020/07/07 02:10:59.007191', '20-07-06 22:11:04.804241')
good
PL3:::::::::::::::::::::::::::::::::::::::::
                                 ts2 humidity temperature pressure device
63380466 2020-07-07 02:10:59.007191     0.00       24.07  1008.28    119
data cached:::::::::::::::::::::::::::::::::
                                 ts2 humidity temperature pressure device
3c71bf62 2020-07-07 02:10:09.956449    36.47       23.56  1006.74    118
63380466 2020-07-07 02:10:05.007180     0.00       24.05  1008.40    119
63380466 2020-07-07 02:10:11.006996     0.00       24.06  1008.34    119
3c71bf62 2020-07-07 02:10:21.949395    35.73       23.55  1006.79    118
63380466 2020-07-07 02:10:17.007041     0.00       24.05  1008.43    119
63380466 2020-07-07 02:10:23.007040     0.00       24.06  1008.35    119
3c71bf62 2020-07-07 02:10:33.947917    35.95       23.56  1006.74    118
63380466 2020-07-07 02:10:29.007182     0.00       24.05  1008.31    119
63380466 2020-07-07 02:10:35.007218     0.00       24.06  1008.35    119
3c71bf62 2020-07-07 02:10:45.945653    35.91       23.57  1006.67    118
63380466 2020-07-07 02:10:41.007056     0.00       24.06  1008.35    119
63380466 2020-07-07 02:10:47.007155     0.00       24.06  1008.43    119
3c71bf62 2020-07-07 02:10:57.948082    35.93       23.57  1006.72    118
63380466 2020-07-07 02:10:53.007232     0.00       24.06  1008.37    119
63380466 2020-07-07 02:10:59.007191     0.00       24.07  1008.28    119
len pl3 : 1
len data: 15
Data*******************
Sending PINGREQ
Received PINGRESP
Received PUBLISH (d0, q0, r0, m0), 'sensors/', ...  (178 bytes)
Data###################
sensors/ 0 b'{"ts": "(2020, 7, 7, 1, 2, 11, 9, 946700)", "humidity": "35.96", "uid": "3c71bf62", "temp": "23.57", "ts2": "2020/07/07 02:11:09.946700", "pressure": "1006.72", "device:": "118"}'
jDevice: 118
UID        :
3c71bf62
humidity   :
35.96
temperature:
23.57
pressure   :
1006.72
tzinfo     :
None
ts2        :
2020-07-07 02:11:09.946700
utc2Local  :
2020-07-06 22:11:09.946700-04:00
val= ('3c71bf62', '118', 'Pressure', '1006.72', '2020/07/07 02:11:09.946700', '20-07-06 22:11:10.365698')
good
PL3:::::::::::::::::::::::::::::::::::::::::
                                 ts2 humidity temperature pressure device
3c71bf62 2020-07-07 02:11:09.946700    35.96       23.57  1006.72    118
data cached:::::::::::::::::::::::::::::::::
                                 ts2 humidity temperature pressure device
3c71bf62 2020-07-07 02:10:09.956449    36.47       23.56  1006.74    118
63380466 2020-07-07 02:10:05.007180     0.00       24.05  1008.40    119
63380466 2020-07-07 02:10:11.006996     0.00       24.06  1008.34    119
3c71bf62 2020-07-07 02:10:21.949395    35.73       23.55  1006.79    118
63380466 2020-07-07 02:10:17.007041     0.00       24.05  1008.43    119
63380466 2020-07-07 02:10:23.007040     0.00       24.06  1008.35    119
3c71bf62 2020-07-07 02:10:33.947917    35.95       23.56  1006.74    118
63380466 2020-07-07 02:10:29.007182     0.00       24.05  1008.31    119
63380466 2020-07-07 02:10:35.007218     0.00       24.06  1008.35    119
3c71bf62 2020-07-07 02:10:45.945653    35.91       23.57  1006.67    118
63380466 2020-07-07 02:10:41.007056     0.00       24.06  1008.35    119
63380466 2020-07-07 02:10:47.007155     0.00       24.06  1008.43    119
3c71bf62 2020-07-07 02:10:57.948082    35.93       23.57  1006.72    118
63380466 2020-07-07 02:10:53.007232     0.00       24.06  1008.37    119
63380466 2020-07-07 02:10:59.007191     0.00       24.07  1008.28    119
3c71bf62 2020-07-07 02:11:09.946700    35.96       23.57  1006.72    118
len pl3 : 1
len data: 16
Data*******************
Received PUBLISH (d0, q0, r0, m0), 'sensors/', ...  (170 bytes)
Data###################
sensors/ 0 b'{"uid": "63380466", "device:": "119", "ts": "2020-07-07 02:11:05.007045", "ts2": "2020/07/07 02:11:05.007045", "temp": "24.06", "pressure": "1008.35", "humidity": "0.00"}'
jDevice: 119
UID        :
63380466
humidity   :
0.00
temperature:
24.06
pressure   :
1008.35
tzinfo     :
None
ts2        :
2020-07-07 02:11:05.007045
utc2Local  :
2020-07-06 22:11:05.007045-04:00
val= ('63380466', '119', 'Pressure', '1008.35', '2020/07/07 02:11:05.007045', '20-07-06 22:11:10.804158')
good
PL3:::::::::::::::::::::::::::::::::::::::::
                                 ts2 humidity temperature pressure device
63380466 2020-07-07 02:11:05.007045     0.00       24.06  1008.35    119
data cached:::::::::::::::::::::::::::::::::
                                 ts2 humidity temperature pressure device
3c71bf62 2020-07-07 02:10:09.956449    36.47       23.56  1006.74    118
63380466 2020-07-07 02:10:05.007180     0.00       24.05  1008.40    119
63380466 2020-07-07 02:10:11.006996     0.00       24.06  1008.34    119
3c71bf62 2020-07-07 02:10:21.949395    35.73       23.55  1006.79    118
63380466 2020-07-07 02:10:17.007041     0.00       24.05  1008.43    119
63380466 2020-07-07 02:10:23.007040     0.00       24.06  1008.35    119
3c71bf62 2020-07-07 02:10:33.947917    35.95       23.56  1006.74    118
63380466 2020-07-07 02:10:29.007182     0.00       24.05  1008.31    119
63380466 2020-07-07 02:10:35.007218     0.00       24.06  1008.35    119
3c71bf62 2020-07-07 02:10:45.945653    35.91       23.57  1006.67    118
63380466 2020-07-07 02:10:41.007056     0.00       24.06  1008.35    119
63380466 2020-07-07 02:10:47.007155     0.00       24.06  1008.43    119
3c71bf62 2020-07-07 02:10:57.948082    35.93       23.57  1006.72    118
63380466 2020-07-07 02:10:53.007232     0.00       24.06  1008.37    119
63380466 2020-07-07 02:10:59.007191     0.00       24.07  1008.28    119
3c71bf62 2020-07-07 02:11:09.946700    35.96       23.57  1006.72    118
63380466 2020-07-07 02:11:05.007045     0.00       24.06  1008.35    119
len pl3 : 1
len data: 17
Data*******************
Received PUBLISH (d0, q0, r0, m0), 'sensors/', ...  (170 bytes)
Data###################
sensors/ 0 b'{"uid": "63380466", "device:": "119", "ts": "2020-07-07 02:11:11.007067", "ts2": "2020/07/07 02:11:11.007067", "temp": "24.08", "pressure": "1008.27", "humidity": "0.00"}'
jDevice: 119
UID        :
63380466
humidity   :
0.00
temperature:
24.08
pressure   :
1008.27
tzinfo     :
None
ts2        :
2020-07-07 02:11:11.007067
utc2Local  :
2020-07-06 22:11:11.007067-04:00
val= ('63380466', '119', 'Pressure', '1008.27', '2020/07/07 02:11:11.007067', '20-07-06 22:11:16.804249')
good
PL3:::::::::::::::::::::::::::::::::::::::::
                                 ts2 humidity temperature pressure device
63380466 2020-07-07 02:11:11.007067     0.00       24.08  1008.27    119
data cached:::::::::::::::::::::::::::::::::
                                 ts2 humidity temperature pressure device
3c71bf62 2020-07-07 02:10:09.956449    36.47       23.56  1006.74    118
63380466 2020-07-07 02:10:05.007180     0.00       24.05  1008.40    119
63380466 2020-07-07 02:10:11.006996     0.00       24.06  1008.34    119
3c71bf62 2020-07-07 02:10:21.949395    35.73       23.55  1006.79    118
63380466 2020-07-07 02:10:17.007041     0.00       24.05  1008.43    119
63380466 2020-07-07 02:10:23.007040     0.00       24.06  1008.35    119
3c71bf62 2020-07-07 02:10:33.947917    35.95       23.56  1006.74    118
63380466 2020-07-07 02:10:29.007182     0.00       24.05  1008.31    119
63380466 2020-07-07 02:10:35.007218     0.00       24.06  1008.35    119
3c71bf62 2020-07-07 02:10:45.945653    35.91       23.57  1006.67    118
63380466 2020-07-07 02:10:41.007056     0.00       24.06  1008.35    119
63380466 2020-07-07 02:10:47.007155     0.00       24.06  1008.43    119
3c71bf62 2020-07-07 02:10:57.948082    35.93       23.57  1006.72    118
63380466 2020-07-07 02:10:53.007232     0.00       24.06  1008.37    119
63380466 2020-07-07 02:10:59.007191     0.00       24.07  1008.28    119
3c71bf62 2020-07-07 02:11:09.946700    35.96       23.57  1006.72    118
63380466 2020-07-07 02:11:05.007045     0.00       24.06  1008.35    119
63380466 2020-07-07 02:11:11.007067     0.00       24.08  1008.27    119
len pl3 : 1
len data: 18
Data*******************
Received PUBLISH (d0, q0, r0, m0), 'sensors/', ...  (179 bytes)
Data###################
sensors/ 0 b'{"ts": "(2020, 7, 7, 1, 2, 11, 21, 948563)", "humidity": "36.28", "uid": "3c71bf62", "temp": "23.57", "ts2": "2020/07/07 02:11:21.948563", "pressure": "1006.66", "device:": "118"}'
jDevice: 118
UID        :
3c71bf62
humidity   :
36.28
temperature:
23.57
pressure   :
1006.66
tzinfo     :
None
ts2        :
2020-07-07 02:11:21.948563
utc2Local  :
2020-07-06 22:11:21.948563-04:00
val= ('3c71bf62', '118', 'Pressure', '1006.66', '2020/07/07 02:11:21.948563', '20-07-06 22:11:22.389456')
good
PL3:::::::::::::::::::::::::::::::::::::::::
                                 ts2 humidity temperature pressure device
3c71bf62 2020-07-07 02:11:21.948563    36.28       23.57  1006.66    118
data cached:::::::::::::::::::::::::::::::::
                                 ts2 humidity temperature pressure device
3c71bf62 2020-07-07 02:10:09.956449    36.47       23.56  1006.74    118
63380466 2020-07-07 02:10:05.007180     0.00       24.05  1008.40    119
63380466 2020-07-07 02:10:11.006996     0.00       24.06  1008.34    119
3c71bf62 2020-07-07 02:10:21.949395    35.73       23.55  1006.79    118
63380466 2020-07-07 02:10:17.007041     0.00       24.05  1008.43    119
63380466 2020-07-07 02:10:23.007040     0.00       24.06  1008.35    119
3c71bf62 2020-07-07 02:10:33.947917    35.95       23.56  1006.74    118
63380466 2020-07-07 02:10:29.007182     0.00       24.05  1008.31    119
63380466 2020-07-07 02:10:35.007218     0.00       24.06  1008.35    119
3c71bf62 2020-07-07 02:10:45.945653    35.91       23.57  1006.67    118
63380466 2020-07-07 02:10:41.007056     0.00       24.06  1008.35    119
63380466 2020-07-07 02:10:47.007155     0.00       24.06  1008.43    119
3c71bf62 2020-07-07 02:10:57.948082    35.93       23.57  1006.72    118
63380466 2020-07-07 02:10:53.007232     0.00       24.06  1008.37    119
63380466 2020-07-07 02:10:59.007191     0.00       24.07  1008.28    119
3c71bf62 2020-07-07 02:11:09.946700    35.96       23.57  1006.72    118
63380466 2020-07-07 02:11:05.007045     0.00       24.06  1008.35    119
63380466 2020-07-07 02:11:11.007067     0.00       24.08  1008.27    119
3c71bf62 2020-07-07 02:11:21.948563    36.28       23.57  1006.66    118
len pl3 : 1
len data: 19
Data*******************
Received PUBLISH (d0, q0, r0, m0), 'sensors/', ...  (170 bytes)
Data###################
sensors/ 0 b'{"uid": "63380466", "device:": "119", "ts": "2020-07-07 02:11:17.007039", "ts2": "2020/07/07 02:11:17.007039", "temp": "24.07", "pressure": "1008.31", "humidity": "0.00"}'
jDevice: 119
UID        :
63380466
humidity   :
0.00
temperature:
24.07
pressure   :
1008.31
tzinfo     :
None
ts2        :
2020-07-07 02:11:17.007039
utc2Local  :
2020-07-06 22:11:17.007039-04:00
val= ('63380466', '119', 'Pressure', '1008.31', '2020/07/07 02:11:17.007039', '20-07-06 22:11:22.805314')
good
PL3:::::::::::::::::::::::::::::::::::::::::
                                 ts2 humidity temperature pressure device
63380466 2020-07-07 02:11:17.007039     0.00       24.07  1008.31    119
data cached:::::::::::::::::::::::::::::::::
                                 ts2 humidity temperature pressure device
3c71bf62 2020-07-07 02:10:09.956449    36.47       23.56  1006.74    118
63380466 2020-07-07 02:10:05.007180     0.00       24.05  1008.40    119
63380466 2020-07-07 02:10:11.006996     0.00       24.06  1008.34    119
3c71bf62 2020-07-07 02:10:21.949395    35.73       23.55  1006.79    118
63380466 2020-07-07 02:10:17.007041     0.00       24.05  1008.43    119
63380466 2020-07-07 02:10:23.007040     0.00       24.06  1008.35    119
3c71bf62 2020-07-07 02:10:33.947917    35.95       23.56  1006.74    118
63380466 2020-07-07 02:10:29.007182     0.00       24.05  1008.31    119
63380466 2020-07-07 02:10:35.007218     0.00       24.06  1008.35    119
3c71bf62 2020-07-07 02:10:45.945653    35.91       23.57  1006.67    118
63380466 2020-07-07 02:10:41.007056     0.00       24.06  1008.35    119
63380466 2020-07-07 02:10:47.007155     0.00       24.06  1008.43    119
3c71bf62 2020-07-07 02:10:57.948082    35.93       23.57  1006.72    118
63380466 2020-07-07 02:10:53.007232     0.00       24.06  1008.37    119
63380466 2020-07-07 02:10:59.007191     0.00       24.07  1008.28    119
3c71bf62 2020-07-07 02:11:09.946700    35.96       23.57  1006.72    118
63380466 2020-07-07 02:11:05.007045     0.00       24.06  1008.35    119
63380466 2020-07-07 02:11:11.007067     0.00       24.08  1008.27    119
3c71bf62 2020-07-07 02:11:21.948563    36.28       23.57  1006.66    118
63380466 2020-07-07 02:11:17.007039     0.00       24.07  1008.31    119
len pl3 : 1
len data: 20
Data*******************
Received PUBLISH (d0, q0, r0, m0), 'sensors/', ...  (170 bytes)
Data###################
sensors/ 0 b'{"uid": "63380466", "device:": "119", "ts": "2020-07-07 02:11:23.007068", "ts2": "2020/07/07 02:11:23.007068", "temp": "24.07", "pressure": "1008.31", "humidity": "0.00"}'
jDevice: 119
UID        :
63380466
humidity   :
0.00
temperature:
24.07
pressure   :
1008.31
tzinfo     :
None
ts2        :
2020-07-07 02:11:23.007068
utc2Local  :
2020-07-06 22:11:23.007068-04:00
val= ('63380466', '119', 'Pressure', '1008.31', '2020/07/07 02:11:23.007068', '20-07-06 22:11:28.804337')
good
PL3:::::::::::::::::::::::::::::::::::::::::
                                 ts2 humidity temperature pressure device
63380466 2020-07-07 02:11:23.007068     0.00       24.07  1008.31    119
data cached:::::::::::::::::::::::::::::::::
                                 ts2 humidity temperature pressure device
3c71bf62 2020-07-07 02:10:09.956449    36.47       23.56  1006.74    118
63380466 2020-07-07 02:10:05.007180     0.00       24.05  1008.40    119
63380466 2020-07-07 02:10:11.006996     0.00       24.06  1008.34    119
3c71bf62 2020-07-07 02:10:21.949395    35.73       23.55  1006.79    118
63380466 2020-07-07 02:10:17.007041     0.00       24.05  1008.43    119
63380466 2020-07-07 02:10:23.007040     0.00       24.06  1008.35    119
3c71bf62 2020-07-07 02:10:33.947917    35.95       23.56  1006.74    118
63380466 2020-07-07 02:10:29.007182     0.00       24.05  1008.31    119
63380466 2020-07-07 02:10:35.007218     0.00       24.06  1008.35    119
3c71bf62 2020-07-07 02:10:45.945653    35.91       23.57  1006.67    118
63380466 2020-07-07 02:10:41.007056     0.00       24.06  1008.35    119
63380466 2020-07-07 02:10:47.007155     0.00       24.06  1008.43    119
3c71bf62 2020-07-07 02:10:57.948082    35.93       23.57  1006.72    118
63380466 2020-07-07 02:10:53.007232     0.00       24.06  1008.37    119
63380466 2020-07-07 02:10:59.007191     0.00       24.07  1008.28    119
3c71bf62 2020-07-07 02:11:09.946700    35.96       23.57  1006.72    118
63380466 2020-07-07 02:11:05.007045     0.00       24.06  1008.35    119
63380466 2020-07-07 02:11:11.007067     0.00       24.08  1008.27    119
3c71bf62 2020-07-07 02:11:21.948563    36.28       23.57  1006.66    118
63380466 2020-07-07 02:11:17.007039     0.00       24.07  1008.31    119
63380466 2020-07-07 02:11:23.007068     0.00       24.07  1008.31    119
len pl3 : 1
len data: 21
Data*******************
Received PUBLISH (d0, q0, r0, m0), 'sensors/', ...  (179 bytes)
Data###################
sensors/ 0 b'{"ts": "(2020, 7, 7, 1, 2, 11, 33, 951010)", "humidity": "36.07", "uid": "3c71bf62", "temp": "23.58", "ts2": "2020/07/07 02:11:33.951010", "pressure": "1006.64", "device:": "118"}'
jDevice: 118
UID        :
3c71bf62
humidity   :
36.07
temperature:
23.58
pressure   :
1006.64
tzinfo     :
None
ts2        :
2020-07-07 02:11:33.951010
utc2Local  :
2020-07-06 22:11:33.951010-04:00
val= ('3c71bf62', '118', 'Pressure', '1006.64', '2020/07/07 02:11:33.951010', '20-07-06 22:11:34.424948')
good
PL3:::::::::::::::::::::::::::::::::::::::::
                                 ts2 humidity temperature pressure device
3c71bf62 2020-07-07 02:11:33.951010    36.07       23.58  1006.64    118
data cached:::::::::::::::::::::::::::::::::
                                 ts2 humidity temperature pressure device
3c71bf62 2020-07-07 02:10:09.956449    36.47       23.56  1006.74    118
63380466 2020-07-07 02:10:05.007180     0.00       24.05  1008.40    119
63380466 2020-07-07 02:10:11.006996     0.00       24.06  1008.34    119
3c71bf62 2020-07-07 02:10:21.949395    35.73       23.55  1006.79    118
63380466 2020-07-07 02:10:17.007041     0.00       24.05  1008.43    119
63380466 2020-07-07 02:10:23.007040     0.00       24.06  1008.35    119
3c71bf62 2020-07-07 02:10:33.947917    35.95       23.56  1006.74    118
63380466 2020-07-07 02:10:29.007182     0.00       24.05  1008.31    119
63380466 2020-07-07 02:10:35.007218     0.00       24.06  1008.35    119
3c71bf62 2020-07-07 02:10:45.945653    35.91       23.57  1006.67    118
63380466 2020-07-07 02:10:41.007056     0.00       24.06  1008.35    119
63380466 2020-07-07 02:10:47.007155     0.00       24.06  1008.43    119
3c71bf62 2020-07-07 02:10:57.948082    35.93       23.57  1006.72    118
63380466 2020-07-07 02:10:53.007232     0.00       24.06  1008.37    119
63380466 2020-07-07 02:10:59.007191     0.00       24.07  1008.28    119
3c71bf62 2020-07-07 02:11:09.946700    35.96       23.57  1006.72    118
63380466 2020-07-07 02:11:05.007045     0.00       24.06  1008.35    119
63380466 2020-07-07 02:11:11.007067     0.00       24.08  1008.27    119
3c71bf62 2020-07-07 02:11:21.948563    36.28       23.57  1006.66    118
63380466 2020-07-07 02:11:17.007039     0.00       24.07  1008.31    119
63380466 2020-07-07 02:11:23.007068     0.00       24.07  1008.31    119
3c71bf62 2020-07-07 02:11:33.951010    36.07       23.58  1006.64    118
len pl3 : 1
len data: 22
Data*******************
Received PUBLISH (d0, q0, r0, m0), 'sensors/', ...  (170 bytes)
Data###################
sensors/ 0 b'{"uid": "63380466", "device:": "119", "ts": "2020-07-07 02:11:29.007213", "ts2": "2020/07/07 02:11:29.007213", "temp": "24.08", "pressure": "1008.27", "humidity": "0.00"}'
jDevice: 119
UID        :
63380466
humidity   :
0.00
temperature:
24.08
pressure   :
1008.27
tzinfo     :
None
ts2        :
2020-07-07 02:11:29.007213
utc2Local  :
2020-07-06 22:11:29.007213-04:00
val= ('63380466', '119', 'Pressure', '1008.27', '2020/07/07 02:11:29.007213', '20-07-06 22:11:34.805336')
good
PL3:::::::::::::::::::::::::::::::::::::::::
                                 ts2 humidity temperature pressure device
63380466 2020-07-07 02:11:29.007213     0.00       24.08  1008.27    119
data cached:::::::::::::::::::::::::::::::::
                                 ts2 humidity temperature pressure device
3c71bf62 2020-07-07 02:10:09.956449    36.47       23.56  1006.74    118
63380466 2020-07-07 02:10:05.007180     0.00       24.05  1008.40    119
63380466 2020-07-07 02:10:11.006996     0.00       24.06  1008.34    119
3c71bf62 2020-07-07 02:10:21.949395    35.73       23.55  1006.79    118
63380466 2020-07-07 02:10:17.007041     0.00       24.05  1008.43    119
63380466 2020-07-07 02:10:23.007040     0.00       24.06  1008.35    119
3c71bf62 2020-07-07 02:10:33.947917    35.95       23.56  1006.74    118
63380466 2020-07-07 02:10:29.007182     0.00       24.05  1008.31    119
63380466 2020-07-07 02:10:35.007218     0.00       24.06  1008.35    119
3c71bf62 2020-07-07 02:10:45.945653    35.91       23.57  1006.67    118
63380466 2020-07-07 02:10:41.007056     0.00       24.06  1008.35    119
63380466 2020-07-07 02:10:47.007155     0.00       24.06  1008.43    119
3c71bf62 2020-07-07 02:10:57.948082    35.93       23.57  1006.72    118
63380466 2020-07-07 02:10:53.007232     0.00       24.06  1008.37    119
63380466 2020-07-07 02:10:59.007191     0.00       24.07  1008.28    119
3c71bf62 2020-07-07 02:11:09.946700    35.96       23.57  1006.72    118
63380466 2020-07-07 02:11:05.007045     0.00       24.06  1008.35    119
63380466 2020-07-07 02:11:11.007067     0.00       24.08  1008.27    119
3c71bf62 2020-07-07 02:11:21.948563    36.28       23.57  1006.66    118
63380466 2020-07-07 02:11:17.007039     0.00       24.07  1008.31    119
63380466 2020-07-07 02:11:23.007068     0.00       24.07  1008.31    119
3c71bf62 2020-07-07 02:11:33.951010    36.07       23.58  1006.64    118
63380466 2020-07-07 02:11:29.007213     0.00       24.08  1008.27    119
len pl3 : 1
len data: 23
Data*******************
Received PUBLISH (d0, q0, r0, m0), 'sensors/', ...  (170 bytes)
Data###################
sensors/ 0 b'{"uid": "63380466", "device:": "119", "ts": "2020-07-07 02:11:35.008181", "ts2": "2020/07/07 02:11:35.008181", "temp": "24.08", "pressure": "1008.23", "humidity": "0.00"}'
jDevice: 119
UID        :
63380466
humidity   :
0.00
temperature:
24.08
pressure   :
1008.23
tzinfo     :
None
ts2        :
2020-07-07 02:11:35.008181
utc2Local  :
2020-07-06 22:11:35.008181-04:00
val= ('63380466', '119', 'Pressure', '1008.23', '2020/07/07 02:11:35.008181', '20-07-06 22:11:40.804328')
good
PL3:::::::::::::::::::::::::::::::::::::::::
                                 ts2 humidity temperature pressure device
63380466 2020-07-07 02:11:35.008181     0.00       24.08  1008.23    119
data cached:::::::::::::::::::::::::::::::::
                                 ts2 humidity temperature pressure device
3c71bf62 2020-07-07 02:10:09.956449    36.47       23.56  1006.74    118
63380466 2020-07-07 02:10:05.007180     0.00       24.05  1008.40    119
63380466 2020-07-07 02:10:11.006996     0.00       24.06  1008.34    119
3c71bf62 2020-07-07 02:10:21.949395    35.73       23.55  1006.79    118
63380466 2020-07-07 02:10:17.007041     0.00       24.05  1008.43    119
63380466 2020-07-07 02:10:23.007040     0.00       24.06  1008.35    119
3c71bf62 2020-07-07 02:10:33.947917    35.95       23.56  1006.74    118
63380466 2020-07-07 02:10:29.007182     0.00       24.05  1008.31    119
63380466 2020-07-07 02:10:35.007218     0.00       24.06  1008.35    119
3c71bf62 2020-07-07 02:10:45.945653    35.91       23.57  1006.67    118
63380466 2020-07-07 02:10:41.007056     0.00       24.06  1008.35    119
63380466 2020-07-07 02:10:47.007155     0.00       24.06  1008.43    119
3c71bf62 2020-07-07 02:10:57.948082    35.93       23.57  1006.72    118
63380466 2020-07-07 02:10:53.007232     0.00       24.06  1008.37    119
63380466 2020-07-07 02:10:59.007191     0.00       24.07  1008.28    119
3c71bf62 2020-07-07 02:11:09.946700    35.96       23.57  1006.72    118
63380466 2020-07-07 02:11:05.007045     0.00       24.06  1008.35    119
63380466 2020-07-07 02:11:11.007067     0.00       24.08  1008.27    119
3c71bf62 2020-07-07 02:11:21.948563    36.28       23.57  1006.66    118
63380466 2020-07-07 02:11:17.007039     0.00       24.07  1008.31    119
63380466 2020-07-07 02:11:23.007068     0.00       24.07  1008.31    119
3c71bf62 2020-07-07 02:11:33.951010    36.07       23.58  1006.64    118
63380466 2020-07-07 02:11:29.007213     0.00       24.08  1008.27    119
63380466 2020-07-07 02:11:35.008181     0.00       24.08  1008.23    119
len pl3 : 1
len data: 24
Data*******************
Received PUBLISH (d0, q0, r0, m0), 'sensors/', ...  (179 bytes)
Data###################
sensors/ 0 b'{"ts": "(2020, 7, 7, 1, 2, 11, 45, 945422)", "humidity": "35.92", "uid": "3c71bf62", "temp": "23.58", "ts2": "2020/07/07 02:11:45.945422", "pressure": "1006.64", "device:": "118"}'
jDevice: 118
UID        :
3c71bf62
humidity   :
35.92
temperature:
23.58
pressure   :
1006.64
tzinfo     :
None
ts2        :
2020-07-07 02:11:45.945422
utc2Local  :
2020-07-06 22:11:45.945422-04:00
val= ('3c71bf62', '118', 'Pressure', '1006.64', '2020/07/07 02:11:45.945422', '20-07-06 22:11:46.446339')
good
PL3:::::::::::::::::::::::::::::::::::::::::
                                 ts2 humidity temperature pressure device
3c71bf62 2020-07-07 02:11:45.945422    35.92       23.58  1006.64    118
data cached:::::::::::::::::::::::::::::::::
                                 ts2 humidity temperature pressure device
3c71bf62 2020-07-07 02:10:09.956449    36.47       23.56  1006.74    118
63380466 2020-07-07 02:10:05.007180     0.00       24.05  1008.40    119
63380466 2020-07-07 02:10:11.006996     0.00       24.06  1008.34    119
3c71bf62 2020-07-07 02:10:21.949395    35.73       23.55  1006.79    118
63380466 2020-07-07 02:10:17.007041     0.00       24.05  1008.43    119
63380466 2020-07-07 02:10:23.007040     0.00       24.06  1008.35    119
3c71bf62 2020-07-07 02:10:33.947917    35.95       23.56  1006.74    118
63380466 2020-07-07 02:10:29.007182     0.00       24.05  1008.31    119
63380466 2020-07-07 02:10:35.007218     0.00       24.06  1008.35    119
3c71bf62 2020-07-07 02:10:45.945653    35.91       23.57  1006.67    118
63380466 2020-07-07 02:10:41.007056     0.00       24.06  1008.35    119
63380466 2020-07-07 02:10:47.007155     0.00       24.06  1008.43    119
3c71bf62 2020-07-07 02:10:57.948082    35.93       23.57  1006.72    118
63380466 2020-07-07 02:10:53.007232     0.00       24.06  1008.37    119
63380466 2020-07-07 02:10:59.007191     0.00       24.07  1008.28    119
3c71bf62 2020-07-07 02:11:09.946700    35.96       23.57  1006.72    118
63380466 2020-07-07 02:11:05.007045     0.00       24.06  1008.35    119
63380466 2020-07-07 02:11:11.007067     0.00       24.08  1008.27    119
3c71bf62 2020-07-07 02:11:21.948563    36.28       23.57  1006.66    118
63380466 2020-07-07 02:11:17.007039     0.00       24.07  1008.31    119
63380466 2020-07-07 02:11:23.007068     0.00       24.07  1008.31    119
3c71bf62 2020-07-07 02:11:33.951010    36.07       23.58  1006.64    118
63380466 2020-07-07 02:11:29.007213     0.00       24.08  1008.27    119
63380466 2020-07-07 02:11:35.008181     0.00       24.08  1008.23    119
3c71bf62 2020-07-07 02:11:45.945422    35.92       23.58  1006.64    118
len pl3 : 1
len data: 25
Data*******************
Received PUBLISH (d0, q0, r0, m0), 'sensors/', ...  (170 bytes)
Data###################
sensors/ 0 b'{"uid": "63380466", "device:": "119", "ts": "2020-07-07 02:11:41.007239", "ts2": "2020/07/07 02:11:41.007239", "temp": "24.08", "pressure": "1008.27", "humidity": "0.00"}'
jDevice: 119
UID        :
63380466
humidity   :
0.00
temperature:
24.08
pressure   :
1008.27
tzinfo     :
None
ts2        :
2020-07-07 02:11:41.007239
utc2Local  :
2020-07-06 22:11:41.007239-04:00
val= ('63380466', '119', 'Pressure', '1008.27', '2020/07/07 02:11:41.007239', '20-07-06 22:11:46.804151')
good
PL3:::::::::::::::::::::::::::::::::::::::::
                                 ts2 humidity temperature pressure device
63380466 2020-07-07 02:11:41.007239     0.00       24.08  1008.27    119
data cached:::::::::::::::::::::::::::::::::
                                 ts2 humidity temperature pressure device
3c71bf62 2020-07-07 02:10:09.956449    36.47       23.56  1006.74    118
63380466 2020-07-07 02:10:05.007180     0.00       24.05  1008.40    119
63380466 2020-07-07 02:10:11.006996     0.00       24.06  1008.34    119
3c71bf62 2020-07-07 02:10:21.949395    35.73       23.55  1006.79    118
63380466 2020-07-07 02:10:17.007041     0.00       24.05  1008.43    119
63380466 2020-07-07 02:10:23.007040     0.00       24.06  1008.35    119
3c71bf62 2020-07-07 02:10:33.947917    35.95       23.56  1006.74    118
63380466 2020-07-07 02:10:29.007182     0.00       24.05  1008.31    119
63380466 2020-07-07 02:10:35.007218     0.00       24.06  1008.35    119
3c71bf62 2020-07-07 02:10:45.945653    35.91       23.57  1006.67    118
63380466 2020-07-07 02:10:41.007056     0.00       24.06  1008.35    119
63380466 2020-07-07 02:10:47.007155     0.00       24.06  1008.43    119
3c71bf62 2020-07-07 02:10:57.948082    35.93       23.57  1006.72    118
63380466 2020-07-07 02:10:53.007232     0.00       24.06  1008.37    119
63380466 2020-07-07 02:10:59.007191     0.00       24.07  1008.28    119
3c71bf62 2020-07-07 02:11:09.946700    35.96       23.57  1006.72    118
63380466 2020-07-07 02:11:05.007045     0.00       24.06  1008.35    119
63380466 2020-07-07 02:11:11.007067     0.00       24.08  1008.27    119
3c71bf62 2020-07-07 02:11:21.948563    36.28       23.57  1006.66    118
63380466 2020-07-07 02:11:17.007039     0.00       24.07  1008.31    119
63380466 2020-07-07 02:11:23.007068     0.00       24.07  1008.31    119
3c71bf62 2020-07-07 02:11:33.951010    36.07       23.58  1006.64    118
63380466 2020-07-07 02:11:29.007213     0.00       24.08  1008.27    119
63380466 2020-07-07 02:11:35.008181     0.00       24.08  1008.23    119
3c71bf62 2020-07-07 02:11:45.945422    35.92       23.58  1006.64    118
63380466 2020-07-07 02:11:41.007239     0.00       24.08  1008.27    119
len pl3 : 1
len data: 26
Data*******************
Received PUBLISH (d0, q0, r0, m0), 'sensors/', ...  (170 bytes)
Data###################
sensors/ 0 b'{"uid": "63380466", "device:": "119", "ts": "2020-07-07 02:11:47.007123", "ts2": "2020/07/07 02:11:47.007123", "temp": "24.08", "pressure": "1008.28", "humidity": "0.00"}'
jDevice: 119
UID        :
63380466
humidity   :
0.00
temperature:
24.08
pressure   :
1008.28
tzinfo     :
None
ts2        :
2020-07-07 02:11:47.007123
utc2Local  :
2020-07-06 22:11:47.007123-04:00
val= ('63380466', '119', 'Pressure', '1008.28', '2020/07/07 02:11:47.007123', '20-07-06 22:11:52.808601')
good
PL3:::::::::::::::::::::::::::::::::::::::::
                                 ts2 humidity temperature pressure device
63380466 2020-07-07 02:11:47.007123     0.00       24.08  1008.28    119
data cached:::::::::::::::::::::::::::::::::
                                 ts2 humidity temperature pressure device
3c71bf62 2020-07-07 02:10:09.956449    36.47       23.56  1006.74    118
63380466 2020-07-07 02:10:05.007180     0.00       24.05  1008.40    119
63380466 2020-07-07 02:10:11.006996     0.00       24.06  1008.34    119
3c71bf62 2020-07-07 02:10:21.949395    35.73       23.55  1006.79    118
63380466 2020-07-07 02:10:17.007041     0.00       24.05  1008.43    119
63380466 2020-07-07 02:10:23.007040     0.00       24.06  1008.35    119
3c71bf62 2020-07-07 02:10:33.947917    35.95       23.56  1006.74    118
63380466 2020-07-07 02:10:29.007182     0.00       24.05  1008.31    119
63380466 2020-07-07 02:10:35.007218     0.00       24.06  1008.35    119
3c71bf62 2020-07-07 02:10:45.945653    35.91       23.57  1006.67    118
63380466 2020-07-07 02:10:41.007056     0.00       24.06  1008.35    119
63380466 2020-07-07 02:10:47.007155     0.00       24.06  1008.43    119
3c71bf62 2020-07-07 02:10:57.948082    35.93       23.57  1006.72    118
63380466 2020-07-07 02:10:53.007232     0.00       24.06  1008.37    119
63380466 2020-07-07 02:10:59.007191     0.00       24.07  1008.28    119
3c71bf62 2020-07-07 02:11:09.946700    35.96       23.57  1006.72    118
63380466 2020-07-07 02:11:05.007045     0.00       24.06  1008.35    119
63380466 2020-07-07 02:11:11.007067     0.00       24.08  1008.27    119
3c71bf62 2020-07-07 02:11:21.948563    36.28       23.57  1006.66    118
63380466 2020-07-07 02:11:17.007039     0.00       24.07  1008.31    119
63380466 2020-07-07 02:11:23.007068     0.00       24.07  1008.31    119
3c71bf62 2020-07-07 02:11:33.951010    36.07       23.58  1006.64    118
63380466 2020-07-07 02:11:29.007213     0.00       24.08  1008.27    119
63380466 2020-07-07 02:11:35.008181     0.00       24.08  1008.23    119
3c71bf62 2020-07-07 02:11:45.945422    35.92       23.58  1006.64    118
63380466 2020-07-07 02:11:41.007239     0.00       24.08  1008.27    119
63380466 2020-07-07 02:11:47.007123     0.00       24.08  1008.28    119
len pl3 : 1
len data: 27
Data*******************
Received PUBLISH (d0, q0, r0, m0), 'sensors/', ...  (179 bytes)
Data###################
sensors/ 0 b'{"ts": "(2020, 7, 7, 1, 2, 11, 57, 946996)", "humidity": "36.08", "uid": "3c71bf62", "temp": "23.58", "ts2": "2020/07/07 02:11:57.946996", "pressure": "1006.63", "device:": "118"}'
jDevice: 118
UID        :
3c71bf62
humidity   :
36.08
temperature:
23.58
pressure   :
1006.63
tzinfo     :
None
ts2        :
2020-07-07 02:11:57.946996
utc2Local  :
2020-07-06 22:11:57.946996-04:00
val= ('3c71bf62', '118', 'Pressure', '1006.63', '2020/07/07 02:11:57.946996', '20-07-06 22:11:58.469303')
good
PL3:::::::::::::::::::::::::::::::::::::::::
                                 ts2 humidity temperature pressure device
3c71bf62 2020-07-07 02:11:57.946996    36.08       23.58  1006.63    118
data cached:::::::::::::::::::::::::::::::::
                                 ts2 humidity temperature pressure device
3c71bf62 2020-07-07 02:10:09.956449    36.47       23.56  1006.74    118
63380466 2020-07-07 02:10:05.007180     0.00       24.05  1008.40    119
63380466 2020-07-07 02:10:11.006996     0.00       24.06  1008.34    119
3c71bf62 2020-07-07 02:10:21.949395    35.73       23.55  1006.79    118
63380466 2020-07-07 02:10:17.007041     0.00       24.05  1008.43    119
63380466 2020-07-07 02:10:23.007040     0.00       24.06  1008.35    119
3c71bf62 2020-07-07 02:10:33.947917    35.95       23.56  1006.74    118
63380466 2020-07-07 02:10:29.007182     0.00       24.05  1008.31    119
63380466 2020-07-07 02:10:35.007218     0.00       24.06  1008.35    119
3c71bf62 2020-07-07 02:10:45.945653    35.91       23.57  1006.67    118
63380466 2020-07-07 02:10:41.007056     0.00       24.06  1008.35    119
63380466 2020-07-07 02:10:47.007155     0.00       24.06  1008.43    119
3c71bf62 2020-07-07 02:10:57.948082    35.93       23.57  1006.72    118
63380466 2020-07-07 02:10:53.007232     0.00       24.06  1008.37    119
63380466 2020-07-07 02:10:59.007191     0.00       24.07  1008.28    119
3c71bf62 2020-07-07 02:11:09.946700    35.96       23.57  1006.72    118
63380466 2020-07-07 02:11:05.007045     0.00       24.06  1008.35    119
63380466 2020-07-07 02:11:11.007067     0.00       24.08  1008.27    119
3c71bf62 2020-07-07 02:11:21.948563    36.28       23.57  1006.66    118
63380466 2020-07-07 02:11:17.007039     0.00       24.07  1008.31    119
63380466 2020-07-07 02:11:23.007068     0.00       24.07  1008.31    119
3c71bf62 2020-07-07 02:11:33.951010    36.07       23.58  1006.64    118
63380466 2020-07-07 02:11:29.007213     0.00       24.08  1008.27    119
63380466 2020-07-07 02:11:35.008181     0.00       24.08  1008.23    119
3c71bf62 2020-07-07 02:11:45.945422    35.92       23.58  1006.64    118
63380466 2020-07-07 02:11:41.007239     0.00       24.08  1008.27    119
63380466 2020-07-07 02:11:47.007123     0.00       24.08  1008.28    119
3c71bf62 2020-07-07 02:11:57.946996    36.08       23.58  1006.63    118
len pl3 : 1
len data: 28
Data*******************
Received PUBLISH (d0, q0, r0, m0), 'sensors/', ...  (170 bytes)
Data###################
sensors/ 0 b'{"uid": "63380466", "device:": "119", "ts": "2020-07-07 02:11:53.007057", "ts2": "2020/07/07 02:11:53.007057", "temp": "24.08", "pressure": "1008.28", "humidity": "0.00"}'
jDevice: 119
UID        :
63380466
humidity   :
0.00
temperature:
24.08
pressure   :
1008.28
tzinfo     :
None
ts2        :
2020-07-07 02:11:53.007057
utc2Local  :
2020-07-06 22:11:53.007057-04:00
val= ('63380466', '119', 'Pressure', '1008.28', '2020/07/07 02:11:53.007057', '20-07-06 22:11:58.804153')
good
PL3:::::::::::::::::::::::::::::::::::::::::
                                 ts2 humidity temperature pressure device
63380466 2020-07-07 02:11:53.007057     0.00       24.08  1008.28    119
data cached:::::::::::::::::::::::::::::::::
                                 ts2 humidity temperature pressure device
3c71bf62 2020-07-07 02:10:09.956449    36.47       23.56  1006.74    118
63380466 2020-07-07 02:10:05.007180     0.00       24.05  1008.40    119
63380466 2020-07-07 02:10:11.006996     0.00       24.06  1008.34    119
3c71bf62 2020-07-07 02:10:21.949395    35.73       23.55  1006.79    118
63380466 2020-07-07 02:10:17.007041     0.00       24.05  1008.43    119
63380466 2020-07-07 02:10:23.007040     0.00       24.06  1008.35    119
3c71bf62 2020-07-07 02:10:33.947917    35.95       23.56  1006.74    118
63380466 2020-07-07 02:10:29.007182     0.00       24.05  1008.31    119
63380466 2020-07-07 02:10:35.007218     0.00       24.06  1008.35    119
3c71bf62 2020-07-07 02:10:45.945653    35.91       23.57  1006.67    118
63380466 2020-07-07 02:10:41.007056     0.00       24.06  1008.35    119
63380466 2020-07-07 02:10:47.007155     0.00       24.06  1008.43    119
3c71bf62 2020-07-07 02:10:57.948082    35.93       23.57  1006.72    118
63380466 2020-07-07 02:10:53.007232     0.00       24.06  1008.37    119
63380466 2020-07-07 02:10:59.007191     0.00       24.07  1008.28    119
3c71bf62 2020-07-07 02:11:09.946700    35.96       23.57  1006.72    118
63380466 2020-07-07 02:11:05.007045     0.00       24.06  1008.35    119
63380466 2020-07-07 02:11:11.007067     0.00       24.08  1008.27    119
3c71bf62 2020-07-07 02:11:21.948563    36.28       23.57  1006.66    118
63380466 2020-07-07 02:11:17.007039     0.00       24.07  1008.31    119
63380466 2020-07-07 02:11:23.007068     0.00       24.07  1008.31    119
3c71bf62 2020-07-07 02:11:33.951010    36.07       23.58  1006.64    118
63380466 2020-07-07 02:11:29.007213     0.00       24.08  1008.27    119
63380466 2020-07-07 02:11:35.008181     0.00       24.08  1008.23    119
3c71bf62 2020-07-07 02:11:45.945422    35.92       23.58  1006.64    118
63380466 2020-07-07 02:11:41.007239     0.00       24.08  1008.27    119
63380466 2020-07-07 02:11:47.007123     0.00       24.08  1008.28    119
3c71bf62 2020-07-07 02:11:57.946996    36.08       23.58  1006.63    118
63380466 2020-07-07 02:11:53.007057     0.00       24.08  1008.28    119
len pl3 : 1
len data: 29
Data*******************
Received PUBLISH (d0, q0, r0, m0), 'sensors/', ...  (170 bytes)
Data###################
sensors/ 0 b'{"uid": "63380466", "device:": "119", "ts": "2020-07-07 02:11:59.007134", "ts2": "2020/07/07 02:11:59.007134", "temp": "24.08", "pressure": "1008.25", "humidity": "0.00"}'
jDevice: 119
UID        :
63380466
humidity   :
0.00
temperature:
24.08
pressure   :
1008.25
tzinfo     :
None
ts2        :
2020-07-07 02:11:59.007134
utc2Local  :
2020-07-06 22:11:59.007134-04:00
val= ('63380466', '119', 'Pressure', '1008.25', '2020/07/07 02:11:59.007134', '20-07-06 22:12:04.804239')
good
PL3:::::::::::::::::::::::::::::::::::::::::
                                 ts2 humidity temperature pressure device
63380466 2020-07-07 02:11:59.007134     0.00       24.08  1008.25    119
data cached:::::::::::::::::::::::::::::::::
                                 ts2 humidity temperature pressure device
3c71bf62 2020-07-07 02:10:09.956449    36.47       23.56  1006.74    118
63380466 2020-07-07 02:10:05.007180     0.00       24.05  1008.40    119
63380466 2020-07-07 02:10:11.006996     0.00       24.06  1008.34    119
3c71bf62 2020-07-07 02:10:21.949395    35.73       23.55  1006.79    118
63380466 2020-07-07 02:10:17.007041     0.00       24.05  1008.43    119
63380466 2020-07-07 02:10:23.007040     0.00       24.06  1008.35    119
3c71bf62 2020-07-07 02:10:33.947917    35.95       23.56  1006.74    118
63380466 2020-07-07 02:10:29.007182     0.00       24.05  1008.31    119
63380466 2020-07-07 02:10:35.007218     0.00       24.06  1008.35    119
3c71bf62 2020-07-07 02:10:45.945653    35.91       23.57  1006.67    118
63380466 2020-07-07 02:10:41.007056     0.00       24.06  1008.35    119
63380466 2020-07-07 02:10:47.007155     0.00       24.06  1008.43    119
3c71bf62 2020-07-07 02:10:57.948082    35.93       23.57  1006.72    118
63380466 2020-07-07 02:10:53.007232     0.00       24.06  1008.37    119
63380466 2020-07-07 02:10:59.007191     0.00       24.07  1008.28    119
3c71bf62 2020-07-07 02:11:09.946700    35.96       23.57  1006.72    118
63380466 2020-07-07 02:11:05.007045     0.00       24.06  1008.35    119
63380466 2020-07-07 02:11:11.007067     0.00       24.08  1008.27    119
3c71bf62 2020-07-07 02:11:21.948563    36.28       23.57  1006.66    118
63380466 2020-07-07 02:11:17.007039     0.00       24.07  1008.31    119
63380466 2020-07-07 02:11:23.007068     0.00       24.07  1008.31    119
3c71bf62 2020-07-07 02:11:33.951010    36.07       23.58  1006.64    118
63380466 2020-07-07 02:11:29.007213     0.00       24.08  1008.27    119
63380466 2020-07-07 02:11:35.008181     0.00       24.08  1008.23    119
3c71bf62 2020-07-07 02:11:45.945422    35.92       23.58  1006.64    118
63380466 2020-07-07 02:11:41.007239     0.00       24.08  1008.27    119
63380466 2020-07-07 02:11:47.007123     0.00       24.08  1008.28    119
3c71bf62 2020-07-07 02:11:57.946996    36.08       23.58  1006.63    118
63380466 2020-07-07 02:11:53.007057     0.00       24.08  1008.28    119
63380466 2020-07-07 02:11:59.007134     0.00       24.08  1008.25    119
len pl3 : 1
len data: 30
Data*******************
Sending PINGREQ
Received PINGRESP
Received PUBLISH (d0, q0, r0, m0), 'sensors/', ...  (170 bytes)
Data###################
sensors/ 0 b'{"uid": "63380466", "device:": "119", "ts": "2020-07-07 02:12:05.007165", "ts2": "2020/07/07 02:12:05.007165", "temp": "24.08", "pressure": "1008.20", "humidity": "0.00"}'
jDevice: 119
UID        :
63380466
humidity   :
0.00
temperature:
24.08
pressure   :
1008.20
tzinfo     :
None
ts2        :
2020-07-07 02:12:05.007165
utc2Local  :
2020-07-06 22:12:05.007165-04:00
val= ('63380466', '119', 'Pressure', '1008.20', '2020/07/07 02:12:05.007165', '20-07-06 22:12:10.804234')
good
PL3:::::::::::::::::::::::::::::::::::::::::
                                 ts2 humidity temperature pressure device
63380466 2020-07-07 02:12:05.007165     0.00       24.08  1008.20    119
data cached:::::::::::::::::::::::::::::::::
                                 ts2 humidity temperature pressure device
3c71bf62 2020-07-07 02:10:09.956449    36.47       23.56  1006.74    118
63380466 2020-07-07 02:10:05.007180     0.00       24.05  1008.40    119
63380466 2020-07-07 02:10:11.006996     0.00       24.06  1008.34    119
3c71bf62 2020-07-07 02:10:21.949395    35.73       23.55  1006.79    118
63380466 2020-07-07 02:10:17.007041     0.00       24.05  1008.43    119
63380466 2020-07-07 02:10:23.007040     0.00       24.06  1008.35    119
3c71bf62 2020-07-07 02:10:33.947917    35.95       23.56  1006.74    118
63380466 2020-07-07 02:10:29.007182     0.00       24.05  1008.31    119
63380466 2020-07-07 02:10:35.007218     0.00       24.06  1008.35    119
3c71bf62 2020-07-07 02:10:45.945653    35.91       23.57  1006.67    118
63380466 2020-07-07 02:10:41.007056     0.00       24.06  1008.35    119
63380466 2020-07-07 02:10:47.007155     0.00       24.06  1008.43    119
3c71bf62 2020-07-07 02:10:57.948082    35.93       23.57  1006.72    118
63380466 2020-07-07 02:10:53.007232     0.00       24.06  1008.37    119
63380466 2020-07-07 02:10:59.007191     0.00       24.07  1008.28    119
3c71bf62 2020-07-07 02:11:09.946700    35.96       23.57  1006.72    118
63380466 2020-07-07 02:11:05.007045     0.00       24.06  1008.35    119
63380466 2020-07-07 02:11:11.007067     0.00       24.08  1008.27    119
3c71bf62 2020-07-07 02:11:21.948563    36.28       23.57  1006.66    118
63380466 2020-07-07 02:11:17.007039     0.00       24.07  1008.31    119
63380466 2020-07-07 02:11:23.007068     0.00       24.07  1008.31    119
3c71bf62 2020-07-07 02:11:33.951010    36.07       23.58  1006.64    118
63380466 2020-07-07 02:11:29.007213     0.00       24.08  1008.27    119
63380466 2020-07-07 02:11:35.008181     0.00       24.08  1008.23    119
3c71bf62 2020-07-07 02:11:45.945422    35.92       23.58  1006.64    118
63380466 2020-07-07 02:11:41.007239     0.00       24.08  1008.27    119
63380466 2020-07-07 02:11:47.007123     0.00       24.08  1008.28    119
3c71bf62 2020-07-07 02:11:57.946996    36.08       23.58  1006.63    118
63380466 2020-07-07 02:11:53.007057     0.00       24.08  1008.28    119
63380466 2020-07-07 02:11:59.007134     0.00       24.08  1008.25    119
63380466 2020-07-07 02:12:05.007165     0.00       24.08  1008.20    119
len pl3 : 1
len data: 31
Data*******************
Received PUBLISH (d0, q0, r0, m0), 'sensors/', ...  (179 bytes)
Data###################
sensors/ 0 b'{"ts": "(2020, 7, 7, 1, 2, 12, 10, 953960)", "humidity": "36.16", "uid": "3c71bf62", "temp": "23.57", "ts2": "2020/07/07 02:12:10.953960", "pressure": "1006.55", "device:": "118"}'
jDevice: 118
UID        :
3c71bf62
humidity   :
36.16
temperature:
23.57
pressure   :
1006.55
tzinfo     :
None
ts2        :
2020-07-07 02:12:10.953960
utc2Local  :
2020-07-06 22:12:10.953960-04:00
val= ('3c71bf62', '118', 'Pressure', '1006.55', '2020/07/07 02:12:10.953960', '20-07-06 22:12:11.505171')
good
PL3:::::::::::::::::::::::::::::::::::::::::
                                 ts2 humidity temperature pressure device
3c71bf62 2020-07-07 02:12:10.953960    36.16       23.57  1006.55    118
data cached:::::::::::::::::::::::::::::::::
                                 ts2 humidity temperature pressure device
3c71bf62 2020-07-07 02:10:09.956449    36.47       23.56  1006.74    118
63380466 2020-07-07 02:10:05.007180     0.00       24.05  1008.40    119
63380466 2020-07-07 02:10:11.006996     0.00       24.06  1008.34    119
3c71bf62 2020-07-07 02:10:21.949395    35.73       23.55  1006.79    118
63380466 2020-07-07 02:10:17.007041     0.00       24.05  1008.43    119
63380466 2020-07-07 02:10:23.007040     0.00       24.06  1008.35    119
3c71bf62 2020-07-07 02:10:33.947917    35.95       23.56  1006.74    118
63380466 2020-07-07 02:10:29.007182     0.00       24.05  1008.31    119
63380466 2020-07-07 02:10:35.007218     0.00       24.06  1008.35    119
3c71bf62 2020-07-07 02:10:45.945653    35.91       23.57  1006.67    118
63380466 2020-07-07 02:10:41.007056     0.00       24.06  1008.35    119
63380466 2020-07-07 02:10:47.007155     0.00       24.06  1008.43    119
3c71bf62 2020-07-07 02:10:57.948082    35.93       23.57  1006.72    118
63380466 2020-07-07 02:10:53.007232     0.00       24.06  1008.37    119
63380466 2020-07-07 02:10:59.007191     0.00       24.07  1008.28    119
3c71bf62 2020-07-07 02:11:09.946700    35.96       23.57  1006.72    118
63380466 2020-07-07 02:11:05.007045     0.00       24.06  1008.35    119
63380466 2020-07-07 02:11:11.007067     0.00       24.08  1008.27    119
3c71bf62 2020-07-07 02:11:21.948563    36.28       23.57  1006.66    118
63380466 2020-07-07 02:11:17.007039     0.00       24.07  1008.31    119
63380466 2020-07-07 02:11:23.007068     0.00       24.07  1008.31    119
3c71bf62 2020-07-07 02:11:33.951010    36.07       23.58  1006.64    118
63380466 2020-07-07 02:11:29.007213     0.00       24.08  1008.27    119
63380466 2020-07-07 02:11:35.008181     0.00       24.08  1008.23    119
3c71bf62 2020-07-07 02:11:45.945422    35.92       23.58  1006.64    118
63380466 2020-07-07 02:11:41.007239     0.00       24.08  1008.27    119
63380466 2020-07-07 02:11:47.007123     0.00       24.08  1008.28    119
3c71bf62 2020-07-07 02:11:57.946996    36.08       23.58  1006.63    118
63380466 2020-07-07 02:11:53.007057     0.00       24.08  1008.28    119
63380466 2020-07-07 02:11:59.007134     0.00       24.08  1008.25    119
63380466 2020-07-07 02:12:05.007165     0.00       24.08  1008.20    119
3c71bf62 2020-07-07 02:12:10.953960    36.16       23.57  1006.55    118